# JRE version: OpenJDK Runtime Environment Temurin-17.0.17+10 (17.0.17+10) (build 17.0.17+10)
# Java VM: OpenJDK 64-Bit Server VM Temurin-17.0.17+10 (17.0.17+10, mixed mode, sharing, tiered, compressed oops, compressed class ptrs, g1 gc, windows-amd64)
GC Precious Log:
 CPUs: 8 total, 8 available
 Memory: 16110M
 Large Page Support: Disabled
 NUMA Support: Disabled
 Compressed Oops: Enabled (Zero based)
 Heap Region Size: 2M
 Heap Min Capacity: 8M
 Heap Initial Capacity: 252M
 Heap Max Capacity: 4028M
 Pre-touch: Disabled
 Parallel Workers: 8
 Concurrent Workers: 2
 Concurrent Refinement Workers: 8
 Periodic GC: Disabled
Heap:
 garbage-first heap   total 149504K, used 79467K [0x0000000704400000, 0x0000000800000000)
  region size 2048K, 19 young (38912K), 3 survivors (6144K)
 Metaspace       used 28366K, committed 28800K, reserved 1114112K
  class space    used 3180K, committed 3392K, reserved 1048576K
GC Heap History (16 events):
Event: 0.552 GC heap before
{Heap before GC invocations=0 (full 0):
 garbage-first heap   total 258048K, used 22528K [0x0000000704400000, 0x0000000800000000)
  region size 2048K, 11 young (22528K), 0 survivors (0K)
 Metaspace       used 4772K, committed 4928K, reserved 1114112K
  class space    used 561K, committed 640K, reserved 1048576K
}
Event: 0.556 GC heap after
{Heap after GC invocations=1 (full 0):
 garbage-first heap   total 258048K, used 3690K [0x0000000704400000, 0x0000000800000000)
  region size 2048K, 2 young (4096K), 2 survivors (4096K)
 Metaspace       used 4772K, committed 4928K, reserved 1114112K
  class space    used 561K, committed 640K, reserved 1048576K
}
Event: 0.996 GC heap before
{Heap before GC invocations=1 (full 0):
 garbage-first heap   total 258048K, used 34410K [0x0000000704400000, 0x0000000800000000)
  region size 2048K, 17 young (34816K), 2 survivors (4096K)
 Metaspace       used 10234K, committed 10368K, reserved 1114112K
  class space    used 1261K, committed 1344K, reserved 1048576K
}
Event: 1.001 GC heap after
{Heap after GC invocations=2 (full 0):
 garbage-first heap   total 258048K, used 5864K [0x0000000704400000, 0x0000000800000000)
  region size 2048K, 2 young (4096K), 2 survivors (4096K)
 Metaspace       used 10234K, committed 10368K, reserved 1114112K
  class space    used 1261K, committed 1344K, reserved 1048576K
}
Event: 3.306 GC heap before
{Heap before GC invocations=2 (full 0):
 garbage-first heap   total 258048K, used 171752K [0x0000000704400000, 0x0000000800000000)
  region size 2048K, 66 young (135168K), 2 survivors (4096K)
 Metaspace       used 21251K, committed 21504K, reserved 1114112K
  class space    used 2453K, committed 2560K, reserved 1048576K
}
Event: 3.319 GC heap after
{Heap after GC invocations=3 (full 0):
 garbage-first heap   total 258048K, used 22710K [0x0000000704400000, 0x0000000800000000)
  region size 2048K, 8 young (16384K), 8 survivors (16384K)
 Metaspace       used 21251K, committed 21504K, reserved 1114112K
  class space    used 2453K, committed 2560K, reserved 1048576K
}
Event: 3.708 GC heap before
{Heap before GC invocations=4 (full 0):
 garbage-first heap   total 90112K, used 59574K [0x0000000704400000, 0x0000000800000000)
  region size 2048K, 26 young (53248K), 8 survivors (16384K)
 Metaspace       used 22700K, committed 22912K, reserved 1114112K
  class space    used 2581K, committed 2688K, reserved 1048576K
}
Event: 3.721 GC heap after
{Heap after GC invocations=5 (full 0):
 garbage-first heap   total 92160K, used 35848K [0x0000000704400000, 0x0000000800000000)
  region size 2048K, 4 young (8192K), 4 survivors (8192K)
 Metaspace       used 22700K, committed 22912K, reserved 1114112K
  class space    used 2581K, committed 2688K, reserved 1048576K
}
Event: 3.749 GC heap before
{Heap before GC invocations=5 (full 0):
 garbage-first heap   total 92160K, used 35848K [0x0000000704400000, 0x0000000800000000)
  region size 2048K, 5 young (10240K), 4 survivors (8192K)
 Metaspace       used 22716K, committed 22912K, reserved 1114112K
  class space    used 2581K, committed 2688K, reserved 1048576K
}
Event: 3.753 GC heap after
{Heap after GC invocations=6 (full 0):
 garbage-first heap   total 92160K, used 38639K [0x0000000704400000, 0x0000000800000000)
  region size 2048K, 1 young (2048K), 1 survivors (2048K)
 Metaspace       used 22716K, committed 22912K, reserved 1114112K
  class space    used 2581K, committed 2688K, reserved 1048576K
}
Event: 3.968 GC heap before
{Heap before GC invocations=6 (full 0):
 garbage-first heap   total 92160K, used 61167K [0x0000000704400000, 0x0000000800000000)
  region size 2048K, 13 young (26624K), 1 survivors (2048K)
 Metaspace       used 23285K, committed 23616K, reserved 1114112K
  class space    used 2637K, committed 2816K, reserved 1048576K
}
Event: 3.974 GC heap after
{Heap after GC invocations=7 (full 0):
 garbage-first heap   total 92160K, used 45056K [0x0000000704400000, 0x0000000800000000)
  region size 2048K, 2 young (4096K), 2 survivors (4096K)
 Metaspace       used 23285K, committed 23616K, reserved 1114112K
  class space    used 2637K, committed 2816K, reserved 1048576K
}
Event: 4.265 GC heap before
{Heap before GC invocations=7 (full 0):
 garbage-first heap   total 92160K, used 65536K [0x0000000704400000, 0x0000000800000000)
  region size 2048K, 12 young (24576K), 2 survivors (4096K)
 Metaspace       used 24374K, committed 24704K, reserved 1114112K
  class space    used 2754K, committed 2944K, reserved 1048576K
}
Event: 4.273 GC heap after
{Heap after GC invocations=8 (full 0):
 garbage-first heap   total 149504K, used 48158K [0x0000000704400000, 0x0000000800000000)
  region size 2048K, 2 young (4096K), 2 survivors (4096K)
 Metaspace       used 24374K, committed 24704K, reserved 1114112K
  class space    used 2754K, committed 2944K, reserved 1048576K
}
Event: 5.025 GC heap before
{Heap before GC invocations=8 (full 0):
 garbage-first heap   total 149504K, used 95262K [0x0000000704400000, 0x0000000800000000)
  region size 2048K, 26 young (53248K), 2 survivors (4096K)
 Metaspace       used 27155K, committed 27584K, reserved 1114112K
  class space    used 3056K, committed 3264K, reserved 1048576K
}
Event: 5.031 GC heap after
{Heap after GC invocations=9 (full 0):
 garbage-first heap   total 149504K, used 50795K [0x0000000704400000, 0x0000000800000000)
  region size 2048K, 3 young (6144K), 3 survivors (6144K)
 Metaspace       used 27155K, committed 27584K, reserved 1114112K
  class space    used 3056K, committed 3264K, reserved 1048576K
}

